<?xml version="1.0" encoding="UTF-8"?>
<!-- Generated by org.testng.reporters.JUnitXMLReporter -->
<testsuite hostname="DESKTOP-QQ8RL6I" failures="0" tests="5" name="Connect" time="231.063" errors="0" timestamp="20 May 2024 08:02:44 GMT">
  <testcase classname="ikame.docxreader.testsuite.TS_01_DocxReader_Logic_Scan" name="TC_001_Logic_AddButton_From_Camera_BtnDone" time="38.937"/>
  <testcase classname="ikame.docxreader.testsuite.TS_02_DocxReader_Logic_View_Detail_File" name="TC_001_Logic_View_Detail_File_Signature" time="35.835"/>
  <testcase classname="ikame.docxreader.testsuite.TS_03_DocxReader_Logic_Create" name="TC_001_Logic_Create_Docx" time="33.651"/>
  <testcase classname="ikame.docxreader.testsuite.TS_03_DocxReader_Logic_Create" name="TC_002_Logic_Create_Docx" time="38.488"/>
  <testcase classname="ikame.docxreader.testsuite.TS_03_DocxReader_Logic_Create" name="TC_003_Logic_Create_PPTX" time="32.858"/>
</testsuite> <!-- Connect -->
