<?xml version="1.0" encoding="UTF-8"?>
<testng-results total="5" passed="5" failed="0" skipped="0">
  <reporter-output>
  </reporter-output>
  <suite started-at="2024-05-20T07:58:53Z" name="Sale Functional Test" finished-at="2024-05-20T08:02:44Z" duration-ms="231063">
    <groups>
    </groups>
    <test started-at="2024-05-20T07:58:53Z" name="Connect" finished-at="2024-05-20T08:02:44Z" duration-ms="231063">
      <class name="ikame.docxreader.testsuite.TS_01_DocxReader_Logic_Scan">
        <test-method is-config="true" signature="init()[pri:0, instance:ikame.docxreader.testsuite.TS_01_DocxReader_Logic_Scan@3fc2959f]" started-at="2024-05-20T14:58:53Z" name="init" finished-at="2024-05-20T14:59:07Z" duration-ms="13503" status="PASS">
          <reporter-output>
          </reporter-output>
        </test-method> <!-- init -->
        <test-method signature="TC_001_Logic_AddButton_From_Camera_BtnDone()[pri:0, instance:ikame.docxreader.testsuite.TS_01_DocxReader_Logic_Scan@3fc2959f]" started-at="2024-05-20T14:59:07Z" name="TC_001_Logic_AddButton_From_Camera_BtnDone" finished-at="2024-05-20T14:59:46Z" duration-ms="38937" status="PASS">
          <reporter-output>
          </reporter-output>
        </test-method> <!-- TC_001_Logic_AddButton_From_Camera_BtnDone -->
        <test-method is-config="true" signature="after()[pri:0, instance:ikame.docxreader.testsuite.TS_01_DocxReader_Logic_Scan@3fc2959f]" started-at="2024-05-20T14:59:46Z" name="after" finished-at="2024-05-20T14:59:46Z" duration-ms="431" status="PASS">
          <reporter-output>
          </reporter-output>
        </test-method> <!-- after -->
      </class> <!-- ikame.docxreader.testsuite.TS_01_DocxReader_Logic_Scan -->
      <class name="ikame.docxreader.testsuite.TS_03_DocxReader_Logic_Create">
        <test-method is-config="true" signature="init()[pri:0, instance:ikame.docxreader.testsuite.TS_03_DocxReader_Logic_Create@6989da5e]" started-at="2024-05-20T15:00:31Z" name="init" finished-at="2024-05-20T15:00:40Z" duration-ms="8762" status="PASS">
          <reporter-output>
          </reporter-output>
        </test-method> <!-- init -->
        <test-method signature="TC_001_Logic_Create_Docx()[pri:0, instance:ikame.docxreader.testsuite.TS_03_DocxReader_Logic_Create@6989da5e]" started-at="2024-05-20T15:00:40Z" name="TC_001_Logic_Create_Docx" finished-at="2024-05-20T15:01:14Z" duration-ms="33651" status="PASS">
          <reporter-output>
          </reporter-output>
        </test-method> <!-- TC_001_Logic_Create_Docx -->
        <test-method is-config="true" signature="after()[pri:0, instance:ikame.docxreader.testsuite.TS_03_DocxReader_Logic_Create@6989da5e]" started-at="2024-05-20T15:01:14Z" name="after" finished-at="2024-05-20T15:01:14Z" duration-ms="275" status="PASS">
          <reporter-output>
          </reporter-output>
        </test-method> <!-- after -->
        <test-method is-config="true" signature="init()[pri:0, instance:ikame.docxreader.testsuite.TS_03_DocxReader_Logic_Create@6989da5e]" started-at="2024-05-20T15:01:14Z" name="init" finished-at="2024-05-20T15:01:23Z" duration-ms="8868" status="PASS">
          <reporter-output>
          </reporter-output>
        </test-method> <!-- init -->
        <test-method signature="TC_002_Logic_Create_Docx()[pri:0, instance:ikame.docxreader.testsuite.TS_03_DocxReader_Logic_Create@6989da5e]" started-at="2024-05-20T15:01:23Z" name="TC_002_Logic_Create_Docx" finished-at="2024-05-20T15:02:01Z" duration-ms="38488" status="PASS">
          <reporter-output>
          </reporter-output>
        </test-method> <!-- TC_002_Logic_Create_Docx -->
        <test-method is-config="true" signature="after()[pri:0, instance:ikame.docxreader.testsuite.TS_03_DocxReader_Logic_Create@6989da5e]" started-at="2024-05-20T15:02:01Z" name="after" finished-at="2024-05-20T15:02:02Z" duration-ms="284" status="PASS">
          <reporter-output>
          </reporter-output>
        </test-method> <!-- after -->
        <test-method is-config="true" signature="init()[pri:0, instance:ikame.docxreader.testsuite.TS_03_DocxReader_Logic_Create@6989da5e]" started-at="2024-05-20T15:02:02Z" name="init" finished-at="2024-05-20T15:02:11Z" duration-ms="9474" status="PASS">
          <reporter-output>
          </reporter-output>
        </test-method> <!-- init -->
        <test-method signature="TC_003_Logic_Create_PPTX()[pri:0, instance:ikame.docxreader.testsuite.TS_03_DocxReader_Logic_Create@6989da5e]" started-at="2024-05-20T15:02:11Z" name="TC_003_Logic_Create_PPTX" finished-at="2024-05-20T15:02:44Z" duration-ms="32858" status="PASS">
          <reporter-output>
          </reporter-output>
        </test-method> <!-- TC_003_Logic_Create_PPTX -->
        <test-method is-config="true" signature="after()[pri:0, instance:ikame.docxreader.testsuite.TS_03_DocxReader_Logic_Create@6989da5e]" started-at="2024-05-20T15:02:44Z" name="after" finished-at="2024-05-20T15:02:44Z" duration-ms="312" status="PASS">
          <reporter-output>
          </reporter-output>
        </test-method> <!-- after -->
      </class> <!-- ikame.docxreader.testsuite.TS_03_DocxReader_Logic_Create -->
      <class name="ikame.docxreader.testsuite.TS_02_DocxReader_Logic_View_Detail_File">
        <test-method is-config="true" signature="init()[pri:0, instance:ikame.docxreader.testsuite.TS_02_DocxReader_Logic_View_Detail_File@5aa9e4eb]" started-at="2024-05-20T14:59:46Z" name="init" finished-at="2024-05-20T14:59:55Z" duration-ms="8997" status="PASS">
          <reporter-output>
          </reporter-output>
        </test-method> <!-- init -->
        <test-method signature="TC_001_Logic_View_Detail_File_Signature()[pri:0, instance:ikame.docxreader.testsuite.TS_02_DocxReader_Logic_View_Detail_File@5aa9e4eb]" started-at="2024-05-20T14:59:55Z" name="TC_001_Logic_View_Detail_File_Signature" finished-at="2024-05-20T15:00:31Z" duration-ms="35835" status="PASS">
          <reporter-output>
          </reporter-output>
        </test-method> <!-- TC_001_Logic_View_Detail_File_Signature -->
        <test-method is-config="true" signature="after()[pri:0, instance:ikame.docxreader.testsuite.TS_02_DocxReader_Logic_View_Detail_File@5aa9e4eb]" started-at="2024-05-20T15:00:31Z" name="after" finished-at="2024-05-20T15:00:31Z" duration-ms="372" status="PASS">
          <reporter-output>
          </reporter-output>
        </test-method> <!-- after -->
      </class> <!-- ikame.docxreader.testsuite.TS_02_DocxReader_Logic_View_Detail_File -->
    </test> <!-- Connect -->
  </suite> <!-- Sale Functional Test -->
</testng-results>
