<?xml version="1.0" encoding="UTF-8"?>
<testsuite name="TestSuite" time="179.774" tests="5" errors="0" skipped="0" failures="0">
  <properties>
[...]
</properties>
  <testcase name="TC_001_Logic_AddButton_From_Camera_BtnDone" classname="ikame.docxreader.testsuite.TS_01_DocxReader_Logic_Scan" time="38.94"/>
  <testcase name="TC_001_Logic_View_Detail_File_Signature" classname="ikame.docxreader.testsuite.TS_02_DocxReader_Logic_View_Detail_File" time="35.835"/>
  <testcase name="TC_001_Logic_Create_Docx" classname="ikame.docxreader.testsuite.TS_03_DocxReader_Logic_Create" time="33.652"/>
  <testcase name="TC_002_Logic_Create_Docx" classname="ikame.docxreader.testsuite.TS_03_DocxReader_Logic_Create" time="38.488"/>
  <testcase name="TC_003_Logic_Create_PPTX" classname="ikame.docxreader.testsuite.TS_03_DocxReader_Logic_Create" time="32.859"/>
</testsuite>